=== snbModMemCtl ===
bounded load-path SLPICPT diagnostics

reset ok 1 sig 0 cnt 0
pre-sleep req 0 rsp 0 cmd 0
  pslp 0 cslp 1 stat 10 err 0
read ok 1 sig 0 cnt 0
  req 0 rsp 0 cmd 0
reset ok 1 sig 0 cnt 0
pre-sleep req 0 rsp 0 cmd 0
  pslp 0 cslp 1 stat 11 err 0
read ok 1 sig 0 cnt 0
  req 0 rsp 0 cmd 0
reset ok 1 sig 0 cnt 0
pre-sleep req 0 rsp 0 cmd 0
  pslp 0 cslp 1 stat 11 err 0
read ok 1 sig 0 cnt 0
  req 0 rsp 0 cmd 0
reset ok 1 sig 0 cnt 0
pre-sleep req 0 rsp 0 cmd 0
  pslp 0 cslp 1 stat 11 err 0
read ok 1 sig 0 cnt 0
  req 0 rsp 0 cmd 0
reset ok 1 sig 0 cnt 0
pre-sleep req 0 rsp 0 cmd 0
  pslp 0 cslp 1 stat 11 err 0
read ok 1 sig 200 cnt 1
  req 1 rsp 0 cmd 200
load trace end
