=== TSTCTLH2 ===
Phase 2: cmd 200 plus MODULELIST

Ready child 4 stat 10

Write setup request seq 1 cmd 200
Setup rsp 1 stat 20
  err 0
MODULELIST count 14 first snbSetup

Trace unload request cmd 213
trace: h2ReadState begin
trace: h2ReadState ok True
trace after h2ReadState
req 1 rsp 1
cmd 200
pslp 0 cslp 1
stat 20 err 0
seen 0 hits 0
trace: nextSeq 2
trace: h2WriteState begin
trace: h2WriteState ok True
trace after h2WriteState
req 1 rsp 1
cmd 200
pslp 0 cslp 1
stat 11 err 0
seen 0 hits 0
trace: h2SendSignal pid 4 cmd 213
trace: h2SendSignal ok True err 0
trace after h2SendSignal
req 1 rsp 1
cmd 200
pslp 0 cslp 1
stat 11 err 0
seen 0 hits 0
trace: h2WaitRspSeq begin want 2
trace: h2WaitRspSeq ok False
trace after h2WaitRspSeq
req 1 rsp 1
cmd 200
pslp 0 cslp 1
stat 11 err 0
seen 0 hits 0
TSTCTLH2: wait unload response failed
