=== TSTCTLH5 ===
Reproduce snb wrapper flow

Step 1: startCtlSession
startCtlSession ok True
after start
req 0 rsp 0
cmd 0
pslp 0 cslp 1
stat 10 err 0
seen 0 hits 0

Step 2: requestPhaseLib cmd 200
before request
req 0 rsp 0
cmd 0
pslp 0 cslp 1
stat 10 err 0
seen 0 hits 0
requestPhaseLib ok True
after request
req 1 rsp 1
cmd 200
pslp 0 cslp 1
stat 11 err 0
seen 0 hits 0
MODULELIST count 14 first snbSetup

Step 3: releasePhaseLib
before release
req 1 rsp 1
cmd 200
pslp 0 cslp 1
stat 11 err 0
seen 0 hits 0
releasePhaseLib ok True
after release
req 2 rsp 2
cmd 213
pslp 0 cslp 1
stat 11 err 0
seen 0 hits 0
Post-release MODULELIST count 14 first snbSetup

Step 4: stopCtlSession
stopCtlSession ok True

TSTCTLH5 complete
