=== TSTCTLH3 ===
Reproduce snb releasePhaseLib path

Step 1: prepare transient boot helper
boot helper loaded per step

Step 2: load boot helper for startModCtl
Step 3: startModCtl
boot helper unloaded True
after start
req 0 rsp 0
cmd 0
pslp 0 cslp 0
stat 10 err 0
seen 0 hits 0

Step 4: load boot helper for bootLoadPhase
Step 5: bootLoadPhase cmd 200
before load
req 0 rsp 0
cmd 0
pslp 0 cslp 1
stat 11 err 0
seen 0 hits 0
bootLoadPhase ok True
boot helper unloaded True
after load
req 1 rsp 1
cmd 200
pslp 0 cslp 1
stat 20 err 0
seen 0 hits 0

Step 6: probe MODULELIST after load
MODULELIST count 14 first snbSetup

Step 7: parent unloadPhaseModuleList
parent unload ok True

Step 8: load boot helper for bootUnloadPhase
Step 9: bootUnloadPhase cmd 213
before unload
req 1 rsp 1
cmd 200
pslp 0 cslp 0
stat 11 err 0
seen 0 hits 0
bootUnloadPhase ok True
boot helper unloaded True
after unload
req 2 rsp 2
cmd 213
pslp 0 cslp 1
stat 253 err 240
seen 0 hits 0

Step 10: probe MODULELIST after child unload
Post-unload MODULELIST count 14 first snbSetup

Step 11: load boot helper for stopModCtl
Step 12: stopModCtl
stopModCtl ok True
boot helper unloaded True

TSTCTLH3 complete
